<?xml version="1.0" encoding="UTF-8"?>
<!-- Generated by org.testng.reporters.JUnitReportReporter -->
<testsuite hostname="DESKTOP-LL4U9MF" failures="0" tests="2" name="Tests.Register_PostiveTest" time="124.006" errors="0" timestamp="2024-10-19T18:19:27 EEST" skipped="0">
  <testcase classname="Tests.Register_PostiveTest" name="Register_withAllData" time="80.735"/>
  <testcase classname="Tests.Register_PostiveTest" name="Register_withMandatory" time="43.271"/>
</testsuite> <!-- Tests.Register_PostiveTest -->
