<?xml version="1.0" encoding="UTF-8"?>
<!-- Generated by org.testng.reporters.JUnitReportReporter -->
<testsuite hostname="DESKTOP-LL4U9MF" failures="0" tests="1" name="Tests.Login_PostiveTest" time="38.243" errors="0" timestamp="2024-11-16T19:54:03 EET" skipped="0">
  <testcase classname="Tests.Login_PostiveTest" name="Function_toRegister" time="38.243"/>
</testsuite> <!-- Tests.Login_PostiveTest -->
