<?xml version="1.0" encoding="UTF-8"?>
<!-- Generated by org.testng.reporters.JUnitReportReporter -->
<testsuite hostname="DESKTOP-LL4U9MF" failures="0" tests="1" name="Tests.RegisterTest" time="2.238" errors="0" timestamp="2024-10-14T20:18:08 EEST" skipped="0">
  <testcase classname="Tests.RegisterTest" name="Register_Postive" time="2.238"/>
</testsuite> <!-- Tests.RegisterTest -->
