<?xml version="1.0" encoding="UTF-8"?>
<!-- Generated by org.testng.reporters.JUnitReportReporter -->
<testsuite hostname="DESKTOP-LL4U9MF" failures="0" tests="7" name="Tests.Register_NegativeTest" time="52.651" errors="0" timestamp="2024-10-19T18:19:27 EEST" skipped="0">
  <testcase classname="Tests.Register_NegativeTest" name="Register_withExist_Email" time="10.190"/>
  <testcase classname="Tests.Register_NegativeTest" name="Register_Invalid_Email_Withoutdomain" time="5.434"/>
  <testcase classname="Tests.Register_NegativeTest" name="Register_withInvalid_Email" time="5.912"/>
  <testcase classname="Tests.Register_NegativeTest" name="Register_withspacesIn_Email" time="5.600"/>
  <testcase classname="Tests.Register_NegativeTest" name="Register_withsBlankname" time="6.664"/>
  <testcase classname="Tests.Register_NegativeTest" name="Register_withsBlankemail" time="6.411"/>
  <testcase classname="Tests.Register_NegativeTest" name="Register_withMandatoryBlank" time="12.440"/>
</testsuite> <!-- Tests.Register_NegativeTest -->
