<?xml version="1.0" encoding="UTF-8"?>
<!-- Generated by org.testng.reporters.JUnitReportReporter -->
<testsuite hostname="DESKTOP-LL4U9MF" failures="0" tests="1" name="Tests.LogoutTest" time="11.895" errors="0" timestamp="2024-10-19T18:29:40 EEST" skipped="0">
  <testcase classname="Tests.LogoutTest" name="LogOut_Test" time="11.895"/>
</testsuite> <!-- Tests.LogoutTest -->
