<?xml version="1.0" encoding="UTF-8"?>
<!-- Generated by org.testng.reporters.JUnitReportReporter -->
<testsuite hostname="DESKTOP-LL4U9MF" failures="0" tests="1" name="Tests.Login_NegativeTest" time="47.822" errors="0" timestamp="2024-11-16T19:47:23 EET" skipped="0">
  <testcase classname="Tests.Login_NegativeTest" name="LoginwithInCorrect_Email" time="47.822"/>
</testsuite> <!-- Tests.Login_NegativeTest -->
